----------------------------------------
Exception occurred during processing of request from ('127.0.0.1', 60764)
Traceback (most recent call last):
  File "/usr/lib64/python3.14/socketserver.py", line 318, in _handle_request_noblock
    self.process_request(request, client_address)
    ~~~~~~~~~~~~~~~~~~~~^^^^^^^^^^^^^^^^^^^^^^^^^
  File "/usr/lib64/python3.14/socketserver.py", line 349, in process_request
    self.finish_request(request, client_address)
    ~~~~~~~~~~~~~~~~~~~^^^^^^^^^^^^^^^^^^^^^^^^^
  File "/usr/lib64/python3.14/socketserver.py", line 362, in finish_request
    self.RequestHandlerClass(request, client_address, self)
    ~~~~~~~~~~~~~~~~~~~~~~~~^^^^^^^^^^^^^^^^^^^^^^^^^^^^^^^
  File "/usr/lib64/python3.14/socketserver.py", line 766, in __init__
    self.handle()
    ~~~~~~~~~~~^^
  File "/usr/lib64/python3.14/http/server.py", line 496, in handle
    self.handle_one_request()
    ~~~~~~~~~~~~~~~~~~~~~~~^^
  File "/usr/lib64/python3.14/http/server.py", line 484, in handle_one_request
    method()
    ~~~~~~^^
  File "/home/rohdinn/EduSuite/views/editor_view.py", line 277, in do_POST
    update_section_workbook(int(sid), wb_json)
    ~~~~~~~~~~~~~~~~~~~~~~~^^^^^^^^^^^^^^^^^^^
  File "/home/rohdinn/EduSuite/db/database.py", line 2383, in update_section_workbook
    return _db.update_section_workbook(section_id, workbook_json)
           ~~~~~~~~~~~~~~~~~~~~~~~~~~~^^^^^^^^^^^^^^^^^^^^^^^^^^^
  File "/home/rohdinn/EduSuite/db/database.py", line 1663, in update_section_workbook
    conn.execute("UPDATE custom_sections SET workbook_json = ? WHERE id = ?", (workbook_json, section_id))
    ~~~~~~~~~~~~^^^^^^^^^^^^^^^^^^^^^^^^^^^^^^^^^^^^^^^^^^^^^^^^^^^^^^^^^^^^^^^^^^^^^^^^^^^^^^^^^^^^^^^^^^
sqlite3.OperationalError: database is locked
----------------------------------------
